<?xml version="1.0" encoding="UTF-8"?>
<!-- Generated by org.testng.reporters.JUnitXMLReporter -->
<testsuite ignored="0" hostname="Mac.cust.communityfibre.co.uk" failures="0" tests="2" name="Testin on chrome" time="23.151" errors="0" timestamp="2025-10-16T23:19:07 BST">
  <testcase classname="projectMaven.ProjectMaven.Amazon_Login_Page" name="withvalidCredentails" time="5.9">
    <skipped/>
  </testcase> <!-- withvalidCredentails -->
  <testcase classname="projectMaven.ProjectMaven.Amazon_Login_Page" name="withvalidCredentails" time="7.491"/>
</testsuite> <!-- Testin on chrome -->
