<?xml version="1.0" encoding="UTF-8"?>
<testng-results ignored="0" total="2" passed="2" failed="0" skipped="0">
  <reporter-output>
    <line>
      <![CDATA[Selected chrome Browser]]>
    </line>
    <line>
      <![CDATA[Amazon Website is loaded]]>
    </line>
    <line>
      <![CDATA[Login successfully]]>
    </line>
    <line>
      <![CDATA[Listener Logic is started]]>
    </line>
    <line>
      <![CDATA[Screenshot taken successfully]]>
    </line>
    <line>
      <![CDATA[Selected firefox Browser]]>
    </line>
    <line>
      <![CDATA[Amazon Website is loaded]]>
    </line>
    <line>
      <![CDATA[Login successfully]]>
    </line>
    <line>
      <![CDATA[Listener Logic is started]]>
    </line>
    <line>
      <![CDATA[Screenshot taken successfully]]>
    </line>
  </reporter-output>
  <suite started-at="2025-10-22T21:49:20 BST" name="Suite" finished-at="2025-10-22T21:49:48 BST" duration-ms="28330">
    <groups>
    </groups>
    <test started-at="2025-10-22T21:49:20 BST" name="Testin on chrome" finished-at="2025-10-22T21:49:34 BST" duration-ms="14129">
      <class name="projectMaven.ProjectMaven.Amazon_Login_Page">
        <test-method is-config="true" signature="launch(java.lang.String)[pri:0, instance:projectMaven.ProjectMaven.Amazon_Login_Page@48e4374]" started-at="2025-10-22T21:49:20 BST" name="launch" finished-at="2025-10-22T21:49:26 BST" duration-ms="5933" status="PASS">
          <params>
            <param index="0">
              <value>
                <![CDATA[chrome]]>
              </value>
            </param>
          </params>
          <reporter-output>
            <line>
              <![CDATA[Selected chrome Browser]]>
            </line>
            <line>
              <![CDATA[Amazon Website is loaded]]>
            </line>
          </reporter-output>
        </test-method> <!-- launch -->
        <test-method signature="withvalidCredentails()[pri:0, instance:projectMaven.ProjectMaven.Amazon_Login_Page@48e4374]" started-at="2025-10-22T21:49:26 BST" name="withvalidCredentails" finished-at="2025-10-22T21:49:34 BST" duration-ms="7784" status="PASS">
          <reporter-output>
            <line>
              <![CDATA[Login successfully]]>
            </line>
            <line>
              <![CDATA[Listener Logic is started]]>
            </line>
            <line>
              <![CDATA[Screenshot taken successfully]]>
            </line>
          </reporter-output>
        </test-method> <!-- withvalidCredentails -->
        <test-method is-config="true" signature="quit()[pri:0, instance:projectMaven.ProjectMaven.Amazon_Login_Page@48e4374]" started-at="2025-10-22T21:49:34 BST" name="quit" finished-at="2025-10-22T21:49:34 BST" duration-ms="0" status="PASS">
          <reporter-output>
          </reporter-output>
        </test-method> <!-- quit -->
      </class> <!-- projectMaven.ProjectMaven.Amazon_Login_Page -->
    </test> <!-- Testin on chrome -->
    <test started-at="2025-10-22T21:49:34 BST" name="Testing on firefox" finished-at="2025-10-22T21:49:48 BST" duration-ms="14183">
      <class name="projectMaven.ProjectMaven.Amazon_Login_Page">
        <test-method is-config="true" signature="launch(java.lang.String)[pri:0, instance:projectMaven.ProjectMaven.Amazon_Login_Page@42e99e4a]" started-at="2025-10-22T21:49:34 BST" name="launch" finished-at="2025-10-22T21:49:40 BST" duration-ms="6151" status="PASS">
          <params>
            <param index="0">
              <value>
                <![CDATA[firefox]]>
              </value>
            </param>
          </params>
          <reporter-output>
            <line>
              <![CDATA[Selected firefox Browser]]>
            </line>
            <line>
              <![CDATA[Amazon Website is loaded]]>
            </line>
          </reporter-output>
        </test-method> <!-- launch -->
        <test-method signature="withvalidCredentails()[pri:0, instance:projectMaven.ProjectMaven.Amazon_Login_Page@42e99e4a]" started-at="2025-10-22T21:49:40 BST" name="withvalidCredentails" finished-at="2025-10-22T21:49:48 BST" duration-ms="7734" status="PASS">
          <reporter-output>
            <line>
              <![CDATA[Login successfully]]>
            </line>
            <line>
              <![CDATA[Listener Logic is started]]>
            </line>
            <line>
              <![CDATA[Screenshot taken successfully]]>
            </line>
          </reporter-output>
        </test-method> <!-- withvalidCredentails -->
        <test-method is-config="true" signature="quit()[pri:0, instance:projectMaven.ProjectMaven.Amazon_Login_Page@42e99e4a]" started-at="2025-10-22T21:49:48 BST" name="quit" finished-at="2025-10-22T21:49:48 BST" duration-ms="0" status="PASS">
          <reporter-output>
          </reporter-output>
        </test-method> <!-- quit -->
      </class> <!-- projectMaven.ProjectMaven.Amazon_Login_Page -->
    </test> <!-- Testing on firefox -->
  </suite> <!-- Suite -->
</testng-results>
